<?xml version="1.0" encoding="UTF-8"?>
<!-- Generated by org.testng.reporters.JUnitReportReporter -->
<testsuite hostname="Nasa" failures="0" tests="6" name="com.base.Runner" time="0.484" errors="0" timestamp="2024-04-04T16:16:56 IST" skipped="0">
  <testcase classname="com.base.Runner" name="runScenario" time="0.016"/>
  <system-out/>
  <testcase classname="com.base.Runner" name="runScenario" time="0.021"/>
  <system-out/>
  <testcase classname="com.base.Runner" name="runScenario" time="0.367"/>
  <system-out/>
  <testcase classname="com.base.Runner" name="runScenario" time="0.034"/>
  <system-out/>
  <testcase classname="com.base.Runner" name="runScenario" time="0.028"/>
  <system-out/>
  <testcase classname="com.base.Runner" name="runScenario" time="0.018"/>
  <system-out/>
</testsuite> <!-- com.base.Runner -->
