<?xml version="1.0" encoding="UTF-8"?>
<!-- Generated by org.testng.reporters.JUnitReportReporter -->
<testsuite hostname="Nasa" failures="0" tests="1" name="TestCases.TestCase" time="13.049" errors="0" timestamp="2024-04-04T16:26:55 IST" skipped="0">
  <testcase classname="TestCases.TestCase" name="verifyAddToCartProductPOM" time="13.049"/>
  <system-out/>
</testsuite> <!-- TestCases.TestCase -->
